<?xml version="1.0" encoding="UTF-8"?>
<testsuite name="com.emailgen.controller.EmailGeneratorControllerIntegrationTest" tests="1" skipped="0" failures="0" errors="0" timestamp="2025-07-25T14:44:42.328Z" hostname="MM6XDQRQHFT" time="0.442">
  <properties/>
  <testcase name="Returns generated email with valid inputs and expression" classname="com.emailgen.controller.EmailGeneratorControllerIntegrationTest" time="0.442"/>
  <system-out><![CDATA[
  .   ____          _            __ _ _
 /\\ / ___'_ __ _ _(_)_ __  __ _ \ \ \ \
( ( )\___ | '_ | '_| | '_ \/ _` | \ \ \ \
 \\/  ___)| |_)| | | | | || (_| |  ) ) ) )
  '  |____| .__|_| |_|_| |_\__, | / / / /
 =========|_|==============|___/=/_/_/_/

 :: Spring Boot ::                (v3.5.4)

2025-07-25T17:44:41.686+03:00  INFO 45383 --- [dynamic-email-generator] [    Test worker] .EmailGeneratorControllerIntegrationTest : Starting EmailGeneratorControllerIntegrationTest using Java 21.0.6 with PID 45383 (started by sunay in /Users/sunay/WORK/GitRepo/dynamic-email-generator)
2025-07-25T17:44:41.687+03:00  INFO 45383 --- [dynamic-email-generator] [    Test worker] .EmailGeneratorControllerIntegrationTest : No active profile set, falling back to 1 default profile: "default"
2025-07-25T17:44:42.156+03:00  INFO 45383 --- [dynamic-email-generator] [    Test worker] o.s.v.b.OptionalValidatorFactoryBean     : Failed to set up a Bean Validation provider: jakarta.validation.NoProviderFoundException: Unable to create a Configuration, because no Jakarta Bean Validation provider could be found. Add a provider like Hibernate Validator (RI) to your classpath.
2025-07-25T17:44:42.293+03:00  INFO 45383 --- [dynamic-email-generator] [    Test worker] o.s.b.t.m.w.SpringBootMockServletContext : Initializing Spring TestDispatcherServlet ''
2025-07-25T17:44:42.293+03:00  INFO 45383 --- [dynamic-email-generator] [    Test worker] o.s.t.web.servlet.TestDispatcherServlet  : Initializing Servlet ''
2025-07-25T17:44:42.294+03:00  INFO 45383 --- [dynamic-email-generator] [    Test worker] o.s.t.web.servlet.TestDispatcherServlet  : Completed initialization in 1 ms
2025-07-25T17:44:42.321+03:00  INFO 45383 --- [dynamic-email-generator] [    Test worker] .EmailGeneratorControllerIntegrationTest : Started EmailGeneratorControllerIntegrationTest in 0.761 seconds (process running for 1.347)
]]></system-out>
  <system-err><![CDATA[Mockito is currently self-attaching to enable the inline-mock-maker. This will no longer work in future releases of the JDK. Please add Mockito as an agent to your build as described in Mockito's documentation: https://javadoc.io/doc/org.mockito/mockito-core/latest/org.mockito/org/mockito/Mockito.html#0.3
WARNING: A Java agent has been loaded dynamically (/Users/sunay/.gradle/caches/modules-2/files-2.1/net.bytebuddy/byte-buddy-agent/1.17.6/17b32fd9f57deef02842f7f05abc4ad8127fe34e/byte-buddy-agent-1.17.6.jar)
WARNING: If a serviceability tool is in use, please run with -XX:+EnableDynamicAgentLoading to hide this warning
WARNING: If a serviceability tool is not in use, please run with -Djdk.instrument.traceUsage for more information
WARNING: Dynamic loading of agents will be disallowed by default in a future release
]]></system-err>
</testsuite>
